# JRE version: OpenJDK Runtime Environment (8.0_242-b01) (build 1.8.0_242-release-1644-b01)
# Java VM: OpenJDK 64-Bit Server VM (25.242-b01 mixed mode windows-amd64 compressed oops)
Heap:
 PSYoungGen      total 542208K, used 197459K [0x00000000d5580000, 0x00000000fff80000, 0x0000000100000000)
  eden space 488960K, 38% used [0x00000000d5580000,0x00000000e0e8a198,0x00000000f3300000)
  from space 53248K, 14% used [0x00000000f3300000,0x00000000f3acac30,0x00000000f6700000)
  to   space 52224K, 0% used [0x00000000fcc80000,0x00000000fcc80000,0x00000000fff80000)
 ParOldGen       total 167424K, used 122317K [0x0000000080000000, 0x000000008a380000, 0x00000000d5580000)
  object space 167424K, 73% used [0x0000000080000000,0x00000000877736b0,0x000000008a380000)
 Metaspace       used 113690K, capacity 119865K, committed 120084K, reserved 1153024K
  class space    used 14963K, capacity 16142K, committed 16188K, reserved 1048576K
GC Heap History (10 events):
Event: 1113.485 GC heap before
{Heap before GC invocations=24 (full 4):
 PSYoungGen      total 375296K, used 363876K [0x00000000d5580000, 0x00000000f2400000, 0x0000000100000000)
  eden space 346624K, 100% used [0x00000000d5580000,0x00000000ea800000,0x00000000ea800000)
  from space 28672K, 60% used [0x00000000ea800000,0x00000000eb8d9150,0x00000000ec400000)
  to   space 29184K, 0% used [0x00000000f0780000,0x00000000f0780000,0x00000000f2400000)
 ParOldGen       total 167424K, used 65207K [0x0000000080000000, 0x000000008a380000, 0x00000000d5580000)
  object space 167424K, 38% used [0x0000000080000000,0x0000000083fadf38,0x000000008a380000)
 Metaspace       used 104459K, capacity 109667K, committed 109844K, reserved 1144832K
  class space    used 13772K, capacity 14837K, committed 14908K, reserved 1048576K
Event: 1113.563 GC heap after
Heap after GC invocations=24 (full 4):
 PSYoungGen      total 432128K, used 29164K [0x00000000d5580000, 0x00000000f3e80000, 0x0000000100000000)
  eden space 402944K, 0% used [0x00000000d5580000,0x00000000d5580000,0x00000000edf00000)
  from space 29184K, 99% used [0x00000000f0780000,0x00000000f23fb388,0x00000000f2400000)
  to   space 41472K, 0% used [0x00000000edf00000,0x00000000edf00000,0x00000000f0780000)
 ParOldGen       total 167424K, used 85031K [0x0000000080000000, 0x000000008a380000, 0x00000000d5580000)
  object space 167424K, 50% used [0x0000000080000000,0x0000000085309f28,0x000000008a380000)
 Metaspace       used 104459K, capacity 109667K, committed 109844K, reserved 1144832K
  class space    used 13772K, capacity 14837K, committed 14908K, reserved 1048576K
}
Event: 1116.566 GC heap before
{Heap before GC invocations=25 (full 4):
 PSYoungGen      total 432128K, used 432108K [0x00000000d5580000, 0x00000000f3e80000, 0x0000000100000000)
  eden space 402944K, 100% used [0x00000000d5580000,0x00000000edf00000,0x00000000edf00000)
  from space 29184K, 99% used [0x00000000f0780000,0x00000000f23fb388,0x00000000f2400000)
  to   space 41472K, 0% used [0x00000000edf00000,0x00000000edf00000,0x00000000f0780000)
 ParOldGen       total 167424K, used 85033K [0x0000000080000000, 0x000000008a380000, 0x00000000d5580000)
  object space 167424K, 50% used [0x0000000080000000,0x000000008530a7a8,0x000000008a380000)
 Metaspace       used 112004K, capacity 118185K, committed 118292K, reserved 1150976K
  class space    used 14895K, capacity 16088K, committed 16188K, reserved 1048576K
Event: 1116.637 GC heap after
Heap after GC invocations=25 (full 4):
 PSYoungGen      total 444416K, used 41444K [0x00000000d5580000, 0x00000000fa000000, 0x0000000100000000)
  eden space 402944K, 0% used [0x00000000d5580000,0x00000000d5580000,0x00000000edf00000)
  from space 41472K, 99% used [0x00000000edf00000,0x00000000f07792c8,0x00000000f0780000)
  to   space 56832K, 0% used [0x00000000f6880000,0x00000000f6880000,0x00000000fa000000)
 ParOldGen       total 167424K, used 107685K [0x0000000080000000, 0x000000008a380000, 0x00000000d5580000)
  object space 167424K, 64% used [0x0000000080000000,0x0000000086929700,0x000000008a380000)
 Metaspace       used 112004K, capacity 118185K, committed 118292K, reserved 1150976K
  class space    used 14895K, capacity 16088K, committed 16188K, reserved 1048576K
}
Event: 1118.882 GC heap before
{Heap before GC invocations=26 (full 4):
 PSYoungGen      total 444416K, used 444388K [0x00000000d5580000, 0x00000000fa000000, 0x0000000100000000)
  eden space 402944K, 100% used [0x00000000d5580000,0x00000000edf00000,0x00000000edf00000)
  from space 41472K, 99% used [0x00000000edf00000,0x00000000f07792c8,0x00000000f0780000)
  to   space 56832K, 0% used [0x00000000f6880000,0x00000000f6880000,0x00000000fa000000)
 ParOldGen       total 167424K, used 107685K [0x0000000080000000, 0x000000008a380000, 0x00000000d5580000)
  object space 167424K, 64% used [0x0000000080000000,0x0000000086929700,0x000000008a380000)
 Metaspace       used 113272K, capacity 119511K, committed 119572K, reserved 1153024K
  class space    used 14975K, capacity 16177K, committed 16188K, reserved 1048576K
Event: 1118.940 GC heap after
Heap after GC invocations=26 (full 4):
 PSYoungGen      total 540672K, used 19313K [0x00000000d5580000, 0x00000000f9b00000, 0x0000000100000000)
  eden space 488960K, 0% used [0x00000000d5580000,0x00000000d5580000,0x00000000f3300000)
  from space 51712K, 37% used [0x00000000f6880000,0x00000000f7b5c780,0x00000000f9b00000)
  to   space 53248K, 0% used [0x00000000f3300000,0x00000000f3300000,0x00000000f6700000)
 ParOldGen       total 167424K, used 140217K [0x0000000080000000, 0x000000008a380000, 0x00000000d5580000)
  object space 167424K, 83% used [0x0000000080000000,0x00000000888ee798,0x000000008a380000)
 Metaspace       used 113272K, capacity 119511K, committed 119572K, reserved 1153024K
  class space    used 14975K, capacity 16177K, committed 16188K, reserved 1048576K
}
Event: 1118.940 GC heap before
{Heap before GC invocations=27 (full 5):
 PSYoungGen      total 540672K, used 19313K [0x00000000d5580000, 0x00000000f9b00000, 0x0000000100000000)
  eden space 488960K, 0% used [0x00000000d5580000,0x00000000d5580000,0x00000000f3300000)
  from space 51712K, 37% used [0x00000000f6880000,0x00000000f7b5c780,0x00000000f9b00000)
  to   space 53248K, 0% used [0x00000000f3300000,0x00000000f3300000,0x00000000f6700000)
 ParOldGen       total 167424K, used 140217K [0x0000000080000000, 0x000000008a380000, 0x00000000d5580000)
  object space 167424K, 83% used [0x0000000080000000,0x00000000888ee798,0x000000008a380000)
 Metaspace       used 113272K, capacity 119511K, committed 119572K, reserved 1153024K
  class space    used 14975K, capacity 16177K, committed 16188K, reserved 1048576K
Event: 1119.356 GC heap after
Heap after GC invocations=27 (full 5):
 PSYoungGen      total 540672K, used 0K [0x00000000d5580000, 0x00000000f9b00000, 0x0000000100000000)
  eden space 488960K, 0% used [0x00000000d5580000,0x00000000d5580000,0x00000000f3300000)
  from space 51712K, 0% used [0x00000000f6880000,0x00000000f6880000,0x00000000f9b00000)
  to   space 53248K, 0% used [0x00000000f3300000,0x00000000f3300000,0x00000000f6700000)
 ParOldGen       total 167424K, used 122309K [0x0000000080000000, 0x000000008a380000, 0x00000000d5580000)
  object space 167424K, 73% used [0x0000000080000000,0x00000000877716b0,0x000000008a380000)
 Metaspace       used 113199K, capacity 119303K, committed 119572K, reserved 1153024K
  class space    used 14950K, capacity 16133K, committed 16188K, reserved 1048576K
}
Event: 1121.276 GC heap before
{Heap before GC invocations=28 (full 5):
 PSYoungGen      total 540672K, used 488960K [0x00000000d5580000, 0x00000000f9b00000, 0x0000000100000000)
  eden space 488960K, 100% used [0x00000000d5580000,0x00000000f3300000,0x00000000f3300000)
  from space 51712K, 0% used [0x00000000f6880000,0x00000000f6880000,0x00000000f9b00000)
  to   space 53248K, 0% used [0x00000000f3300000,0x00000000f3300000,0x00000000f6700000)
 ParOldGen       total 167424K, used 122309K [0x0000000080000000, 0x000000008a380000, 0x00000000d5580000)
  object space 167424K, 73% used [0x0000000080000000,0x00000000877716b0,0x000000008a380000)
 Metaspace       used 113654K, capacity 119857K, committed 120084K, reserved 1153024K
  class space    used 14963K, capacity 16142K, committed 16188K, reserved 1048576K
Event: 1121.292 GC heap after
Heap after GC invocations=28 (full 5):
 PSYoungGen      total 542208K, used 7979K [0x00000000d5580000, 0x00000000fff80000, 0x0000000100000000)
  eden space 488960K, 0% used [0x00000000d5580000,0x00000000d5580000,0x00000000f3300000)
  from space 53248K, 14% used [0x00000000f3300000,0x00000000f3acac30,0x00000000f6700000)
  to   space 52224K, 0% used [0x00000000fcc80000,0x00000000fcc80000,0x00000000fff80000)
 ParOldGen       total 167424K, used 122317K [0x0000000080000000, 0x000000008a380000, 0x00000000d5580000)
  object space 167424K, 73% used [0x0000000080000000,0x00000000877736b0,0x000000008a380000)
 Metaspace       used 113654K, capacity 119857K, committed 120084K, reserved 1153024K
  class space    used 14963K, capacity 16142K, committed 16188K, reserved 1048576K
}

