# JRE version: OpenJDK Runtime Environment (8.0_242-b01) (build 1.8.0_242-release-1644-b01)
# Java VM: OpenJDK 64-Bit Server VM (25.242-b01 mixed mode windows-amd64 compressed oops)
Heap:
 PSYoungGen      total 240640K, used 196576K [0x00000000d5580000, 0x00000000e5a00000, 0x0000000100000000)
  eden space 214528K, 79% used [0x00000000d5580000,0x00000000dfbfa5e8,0x00000000e2700000)
  from space 26112K, 99% used [0x00000000e2700000,0x00000000e407da68,0x00000000e4080000)
  to   space 20992K, 0% used [0x00000000e4100000,0x00000000e4100000,0x00000000e5580000)
 ParOldGen       total 126464K, used 62195K [0x0000000080000000, 0x0000000087b80000, 0x00000000d5580000)
  object space 126464K, 49% used [0x0000000080000000,0x0000000083cbce98,0x0000000087b80000)
 Metaspace       used 83801K, capacity 88688K, committed 88984K, reserved 1126400K
  class space    used 11717K, capacity 12627K, committed 12720K, reserved 1048576K
GC Heap History (10 events):
Event: 12.185 GC heap before
{Heap before GC invocations=14 (full 2):
 PSYoungGen      total 156672K, used 59152K [0x00000000d5580000, 0x00000000e2980000, 0x0000000100000000)
  eden space 143872K, 32% used [0x00000000d5580000,0x00000000d82cb0a0,0x00000000de200000)
  from space 12800K, 99% used [0x00000000de200000,0x00000000dee79310,0x00000000dee80000)
  to   space 18432K, 0% used [0x00000000e1780000,0x00000000e1780000,0x00000000e2980000)
 ParOldGen       total 84480K, used 28216K [0x0000000080000000, 0x0000000085280000, 0x00000000d5580000)
  object space 84480K, 33% used [0x0000000080000000,0x0000000081b8e3c0,0x0000000085280000)
 Metaspace       used 56733K, capacity 59068K, committed 59160K, reserved 1099776K
  class space    used 7683K, capacity 8171K, committed 8240K, reserved 1048576K
Event: 12.200 GC heap after
Heap after GC invocations=14 (full 2):
 PSYoungGen      total 197632K, used 14134K [0x00000000d5580000, 0x00000000e2c80000, 0x0000000100000000)
  eden space 179200K, 0% used [0x00000000d5580000,0x00000000d5580000,0x00000000e0480000)
  from space 18432K, 76% used [0x00000000e1780000,0x00000000e254da30,0x00000000e2980000)
  to   space 19456K, 0% used [0x00000000e0480000,0x00000000e0480000,0x00000000e1780000)
 ParOldGen       total 84480K, used 32834K [0x0000000080000000, 0x0000000085280000, 0x00000000d5580000)
  object space 84480K, 38% used [0x0000000080000000,0x0000000082010b80,0x0000000085280000)
 Metaspace       used 56733K, capacity 59068K, committed 59160K, reserved 1099776K
  class space    used 7683K, capacity 8171K, committed 8240K, reserved 1048576K
}
Event: 12.200 GC heap before
{Heap before GC invocations=15 (full 3):
 PSYoungGen      total 197632K, used 14134K [0x00000000d5580000, 0x00000000e2c80000, 0x0000000100000000)
  eden space 179200K, 0% used [0x00000000d5580000,0x00000000d5580000,0x00000000e0480000)
  from space 18432K, 76% used [0x00000000e1780000,0x00000000e254da30,0x00000000e2980000)
  to   space 19456K, 0% used [0x00000000e0480000,0x00000000e0480000,0x00000000e1780000)
 ParOldGen       total 84480K, used 32834K [0x0000000080000000, 0x0000000085280000, 0x00000000d5580000)
  object space 84480K, 38% used [0x0000000080000000,0x0000000082010b80,0x0000000085280000)
 Metaspace       used 56733K, capacity 59068K, committed 59160K, reserved 1099776K
  class space    used 7683K, capacity 8171K, committed 8240K, reserved 1048576K
Event: 12.388 GC heap after
Heap after GC invocations=15 (full 3):
 PSYoungGen      total 197632K, used 0K [0x00000000d5580000, 0x00000000e2c80000, 0x0000000100000000)
  eden space 179200K, 0% used [0x00000000d5580000,0x00000000d5580000,0x00000000e0480000)
  from space 18432K, 0% used [0x00000000e1780000,0x00000000e1780000,0x00000000e2980000)
  to   space 19456K, 0% used [0x00000000e0480000,0x00000000e0480000,0x00000000e1780000)
 ParOldGen       total 126464K, used 32670K [0x0000000080000000, 0x0000000087b80000, 0x00000000d5580000)
  object space 126464K, 25% used [0x0000000080000000,0x0000000081fe7998,0x0000000087b80000)
 Metaspace       used 56683K, capacity 58900K, committed 59160K, reserved 1099776K
  class space    used 7668K, capacity 8143K, committed 8240K, reserved 1048576K
}
Event: 14.790 GC heap before
{Heap before GC invocations=16 (full 3):
 PSYoungGen      total 197632K, used 179198K [0x00000000d5580000, 0x00000000e2c80000, 0x0000000100000000)
  eden space 179200K, 99% used [0x00000000d5580000,0x00000000e047f8c8,0x00000000e0480000)
  from space 18432K, 0% used [0x00000000e1780000,0x00000000e1780000,0x00000000e2980000)
  to   space 19456K, 0% used [0x00000000e0480000,0x00000000e0480000,0x00000000e1780000)
 ParOldGen       total 126464K, used 32670K [0x0000000080000000, 0x0000000087b80000, 0x00000000d5580000)
  object space 126464K, 25% used [0x0000000080000000,0x0000000081fe7998,0x0000000087b80000)
 Metaspace       used 65564K, capacity 68772K, committed 69016K, reserved 1107968K
  class space    used 9040K, capacity 9641K, committed 9648K, reserved 1048576K
Event: 14.828 GC heap after
Heap after GC invocations=16 (full 3):
 PSYoungGen      total 198656K, used 16221K [0x00000000d5580000, 0x00000000e5580000, 0x0000000100000000)
  eden space 179200K, 0% used [0x00000000d5580000,0x00000000d5580000,0x00000000e0480000)
  from space 19456K, 83% used [0x00000000e0480000,0x00000000e1457650,0x00000000e1780000)
  to   space 20992K, 0% used [0x00000000e4100000,0x00000000e4100000,0x00000000e5580000)
 ParOldGen       total 126464K, used 32678K [0x0000000080000000, 0x0000000087b80000, 0x00000000d5580000)
  object space 126464K, 25% used [0x0000000080000000,0x0000000081fe9998,0x0000000087b80000)
 Metaspace       used 65564K, capacity 68772K, committed 69016K, reserved 1107968K
  class space    used 9040K, capacity 9641K, committed 9648K, reserved 1048576K
}
Event: 27.661 GC heap before
{Heap before GC invocations=17 (full 3):
 PSYoungGen      total 198656K, used 195421K [0x00000000d5580000, 0x00000000e5580000, 0x0000000100000000)
  eden space 179200K, 100% used [0x00000000d5580000,0x00000000e0480000,0x00000000e0480000)
  from space 19456K, 83% used [0x00000000e0480000,0x00000000e1457650,0x00000000e1780000)
  to   space 20992K, 0% used [0x00000000e4100000,0x00000000e4100000,0x00000000e5580000)
 ParOldGen       total 126464K, used 32678K [0x0000000080000000, 0x0000000087b80000, 0x00000000d5580000)
  object space 126464K, 25% used [0x0000000080000000,0x0000000081fe9998,0x0000000087b80000)
 Metaspace       used 73347K, capacity 77014K, committed 77208K, reserved 1116160K
  class space    used 10126K, capacity 10812K, committed 10928K, reserved 1048576K
Event: 27.694 GC heap after
Heap after GC invocations=17 (full 3):
 PSYoungGen      total 235520K, used 20990K [0x00000000d5580000, 0x00000000e5a00000, 0x0000000100000000)
  eden space 214528K, 0% used [0x00000000d5580000,0x00000000d5580000,0x00000000e2700000)
  from space 20992K, 99% used [0x00000000e4100000,0x00000000e557f9c0,0x00000000e5580000)
  to   space 26112K, 0% used [0x00000000e2700000,0x00000000e2700000,0x00000000e4080000)
 ParOldGen       total 126464K, used 38633K [0x0000000080000000, 0x0000000087b80000, 0x00000000d5580000)
  object space 126464K, 30% used [0x0000000080000000,0x00000000825ba600,0x0000000087b80000)
 Metaspace       used 73347K, capacity 77014K, committed 77208K, reserved 1116160K
  class space    used 10126K, capacity 10812K, committed 10928K, reserved 1048576K
}
Event: 29.021 GC heap before
{Heap before GC invocations=18 (full 3):
 PSYoungGen      total 235520K, used 235518K [0x00000000d5580000, 0x00000000e5a00000, 0x0000000100000000)
  eden space 214528K, 100% used [0x00000000d5580000,0x00000000e2700000,0x00000000e2700000)
  from space 20992K, 99% used [0x00000000e4100000,0x00000000e557f9c0,0x00000000e5580000)
  to   space 26112K, 0% used [0x00000000e2700000,0x00000000e2700000,0x00000000e4080000)
 ParOldGen       total 126464K, used 38633K [0x0000000080000000, 0x0000000087b80000, 0x00000000d5580000)
  object space 126464K, 30% used [0x0000000080000000,0x00000000825ba600,0x0000000087b80000)
 Metaspace       used 80870K, capacity 85194K, committed 85400K, reserved 1122304K
  class space    used 11280K, capacity 12130K, committed 12208K, reserved 1048576K
Event: 29.069 GC heap after
Heap after GC invocations=18 (full 3):
 PSYoungGen      total 240640K, used 26102K [0x00000000d5580000, 0x00000000e5a00000, 0x0000000100000000)
  eden space 214528K, 0% used [0x00000000d5580000,0x00000000d5580000,0x00000000e2700000)
  from space 26112K, 99% used [0x00000000e2700000,0x00000000e407da68,0x00000000e4080000)
  to   space 20992K, 0% used [0x00000000e4100000,0x00000000e4100000,0x00000000e5580000)
 ParOldGen       total 126464K, used 62195K [0x0000000080000000, 0x0000000087b80000, 0x00000000d5580000)
  object space 126464K, 49% used [0x0000000080000000,0x0000000083cbce98,0x0000000087b80000)
 Metaspace       used 80870K, capacity 85194K, committed 85400K, reserved 1122304K
  class space    used 11280K, capacity 12130K, committed 12208K, reserved 1048576K
}

