# JRE version: OpenJDK Runtime Environment (8.0_242-b01) (build 1.8.0_242-release-1644-b01)
# Java VM: OpenJDK 64-Bit Server VM (25.242-b01 mixed mode windows-amd64 compressed oops)
Heap:
 PSYoungGen      total 285696K, used 186953K [0x00000000d5580000, 0x00000000ec080000, 0x0000000100000000)
  eden space 269312K, 69% used [0x00000000d5580000,0x00000000e0c37d10,0x00000000e5c80000)
  from space 16384K, 0% used [0x00000000e5c80000,0x00000000e5c80000,0x00000000e6c80000)
  to   space 51200K, 0% used [0x00000000e8e80000,0x00000000e8e80000,0x00000000ec080000)
 ParOldGen       total 267776K, used 42267K [0x0000000080000000, 0x0000000090580000, 0x00000000d5580000)
  object space 267776K, 15% used [0x0000000080000000,0x0000000082946e98,0x0000000090580000)
 Metaspace       used 90362K, capacity 94728K, committed 95256K, reserved 1132544K
  class space    used 12129K, capacity 12965K, committed 13096K, reserved 1048576K
GC Heap History (10 events):
Event: 213.636 GC heap before
{Heap before GC invocations=20 (full 4):
 PSYoungGen      total 240640K, used 211968K [0x00000000d5580000, 0x00000000ec180000, 0x0000000100000000)
  eden space 211968K, 100% used [0x00000000d5580000,0x00000000e2480000,0x00000000e2480000)
  from space 28672K, 0% used [0x00000000e2480000,0x00000000e2480000,0x00000000e4080000)
  to   space 56832K, 0% used [0x00000000e8a00000,0x00000000e8a00000,0x00000000ec180000)
 ParOldGen       total 267776K, used 114855K [0x0000000080000000, 0x0000000090580000, 0x00000000d5580000)
  object space 267776K, 42% used [0x0000000080000000,0x0000000087029d28,0x0000000090580000)
 Metaspace       used 82988K, capacity 86912K, committed 87192K, reserved 1124352K
  class space    used 11183K, capacity 11907K, committed 11944K, reserved 1048576K
Event: 213.657 GC heap after
Heap after GC invocations=20 (full 4):
 PSYoungGen      total 281088K, used 19784K [0x00000000d5580000, 0x00000000ead00000, 0x0000000100000000)
  eden space 245248K, 0% used [0x00000000d5580000,0x00000000d5580000,0x00000000e4500000)
  from space 35840K, 55% used [0x00000000e8a00000,0x00000000e9d52160,0x00000000ead00000)
  to   space 53248K, 0% used [0x00000000e4500000,0x00000000e4500000,0x00000000e7900000)
 ParOldGen       total 267776K, used 114863K [0x0000000080000000, 0x0000000090580000, 0x00000000d5580000)
  object space 267776K, 42% used [0x0000000080000000,0x000000008702bd28,0x0000000090580000)
 Metaspace       used 82988K, capacity 86912K, committed 87192K, reserved 1124352K
  class space    used 11183K, capacity 11907K, committed 11944K, reserved 1048576K
}
Event: 217.270 GC heap before
{Heap before GC invocations=21 (full 4):
 PSYoungGen      total 281088K, used 261254K [0x00000000d5580000, 0x00000000ead00000, 0x0000000100000000)
  eden space 245248K, 98% used [0x00000000d5580000,0x00000000e414f980,0x00000000e4500000)
  from space 35840K, 55% used [0x00000000e8a00000,0x00000000e9d52160,0x00000000ead00000)
  to   space 53248K, 0% used [0x00000000e4500000,0x00000000e4500000,0x00000000e7900000)
 ParOldGen       total 267776K, used 114863K [0x0000000080000000, 0x0000000090580000, 0x00000000d5580000)
  object space 267776K, 42% used [0x0000000080000000,0x000000008702bd28,0x0000000090580000)
 Metaspace       used 88059K, capacity 92532K, committed 92696K, reserved 1128448K
  class space    used 11886K, capacity 12743K, committed 12840K, reserved 1048576K
Event: 217.309 GC heap after
Heap after GC invocations=21 (full 4):
 PSYoungGen      total 298496K, used 37080K [0x00000000d5580000, 0x00000000ecb80000, 0x0000000100000000)
  eden space 245248K, 0% used [0x00000000d5580000,0x00000000d5580000,0x00000000e4500000)
  from space 53248K, 69% used [0x00000000e4500000,0x00000000e69362c8,0x00000000e7900000)
  to   space 56320K, 0% used [0x00000000e9480000,0x00000000e9480000,0x00000000ecb80000)
 ParOldGen       total 267776K, used 114871K [0x0000000080000000, 0x0000000090580000, 0x00000000d5580000)
  object space 267776K, 42% used [0x0000000080000000,0x000000008702dd28,0x0000000090580000)
 Metaspace       used 88059K, capacity 92532K, committed 92696K, reserved 1128448K
  class space    used 11886K, capacity 12743K, committed 12840K, reserved 1048576K
}
Event: 219.020 GC heap before
{Heap before GC invocations=22 (full 4):
 PSYoungGen      total 298496K, used 280620K [0x00000000d5580000, 0x00000000ecb80000, 0x0000000100000000)
  eden space 245248K, 99% used [0x00000000d5580000,0x00000000e4355038,0x00000000e4500000)
  from space 53248K, 69% used [0x00000000e4500000,0x00000000e69362c8,0x00000000e7900000)
  to   space 56320K, 0% used [0x00000000e9480000,0x00000000e9480000,0x00000000ecb80000)
 ParOldGen       total 267776K, used 114871K [0x0000000080000000, 0x0000000090580000, 0x00000000d5580000)
  object space 267776K, 42% used [0x0000000080000000,0x000000008702dd28,0x0000000090580000)
 Metaspace       used 88123K, capacity 92546K, committed 92696K, reserved 1128448K
  class space    used 11890K, capacity 12746K, committed 12840K, reserved 1048576K
Event: 219.037 GC heap after
Heap after GC invocations=22 (full 4):
 PSYoungGen      total 318464K, used 17906K [0x00000000d5580000, 0x00000000ec480000, 0x0000000100000000)
  eden space 269312K, 0% used [0x00000000d5580000,0x00000000d5580000,0x00000000e5c80000)
  from space 49152K, 36% used [0x00000000e9480000,0x00000000ea5fc848,0x00000000ec480000)
  to   space 53248K, 0% used [0x00000000e5c80000,0x00000000e5c80000,0x00000000e9080000)
 ParOldGen       total 267776K, used 114879K [0x0000000080000000, 0x0000000090580000, 0x00000000d5580000)
  object space 267776K, 42% used [0x0000000080000000,0x000000008702fd28,0x0000000090580000)
 Metaspace       used 88123K, capacity 92546K, committed 92696K, reserved 1128448K
  class space    used 11890K, capacity 12746K, committed 12840K, reserved 1048576K
}
Event: 3620.616 GC heap before
{Heap before GC invocations=23 (full 4):
 PSYoungGen      total 318464K, used 74795K [0x00000000d5580000, 0x00000000ec480000, 0x0000000100000000)
  eden space 269312K, 21% used [0x00000000d5580000,0x00000000d8d0e410,0x00000000e5c80000)
  from space 49152K, 36% used [0x00000000e9480000,0x00000000ea5fc848,0x00000000ec480000)
  to   space 53248K, 0% used [0x00000000e5c80000,0x00000000e5c80000,0x00000000e9080000)
 ParOldGen       total 267776K, used 114879K [0x0000000080000000, 0x0000000090580000, 0x00000000d5580000)
  object space 267776K, 42% used [0x0000000080000000,0x000000008702fd28,0x0000000090580000)
 Metaspace       used 88412K, capacity 92930K, committed 93208K, reserved 1130496K
  class space    used 11893K, capacity 12746K, committed 12840K, reserved 1048576K
Event: 3620.628 GC heap after
Heap after GC invocations=23 (full 4):
 PSYoungGen      total 285696K, used 16177K [0x00000000d5580000, 0x00000000ec080000, 0x0000000100000000)
  eden space 269312K, 0% used [0x00000000d5580000,0x00000000d5580000,0x00000000e5c80000)
  from space 16384K, 98% used [0x00000000e5c80000,0x00000000e6c4c5b8,0x00000000e6c80000)
  to   space 51200K, 0% used [0x00000000e8e80000,0x00000000e8e80000,0x00000000ec080000)
 ParOldGen       total 267776K, used 114887K [0x0000000080000000, 0x0000000090580000, 0x00000000d5580000)
  object space 267776K, 42% used [0x0000000080000000,0x0000000087031d28,0x0000000090580000)
 Metaspace       used 88412K, capacity 92930K, committed 93208K, reserved 1130496K
  class space    used 11893K, capacity 12746K, committed 12840K, reserved 1048576K
}
Event: 3620.628 GC heap before
{Heap before GC invocations=24 (full 5):
 PSYoungGen      total 285696K, used 16177K [0x00000000d5580000, 0x00000000ec080000, 0x0000000100000000)
  eden space 269312K, 0% used [0x00000000d5580000,0x00000000d5580000,0x00000000e5c80000)
  from space 16384K, 98% used [0x00000000e5c80000,0x00000000e6c4c5b8,0x00000000e6c80000)
  to   space 51200K, 0% used [0x00000000e8e80000,0x00000000e8e80000,0x00000000ec080000)
 ParOldGen       total 267776K, used 114887K [0x0000000080000000, 0x0000000090580000, 0x00000000d5580000)
  object space 267776K, 42% used [0x0000000080000000,0x0000000087031d28,0x0000000090580000)
 Metaspace       used 88412K, capacity 92930K, committed 93208K, reserved 1130496K
  class space    used 11893K, capacity 12746K, committed 12840K, reserved 1048576K
Event: 3620.920 GC heap after
Heap after GC invocations=24 (full 5):
 PSYoungGen      total 285696K, used 0K [0x00000000d5580000, 0x00000000ec080000, 0x0000000100000000)
  eden space 269312K, 0% used [0x00000000d5580000,0x00000000d5580000,0x00000000e5c80000)
  from space 16384K, 0% used [0x00000000e5c80000,0x00000000e5c80000,0x00000000e6c80000)
  to   space 51200K, 0% used [0x00000000e8e80000,0x00000000e8e80000,0x00000000ec080000)
 ParOldGen       total 267776K, used 42267K [0x0000000080000000, 0x0000000090580000, 0x00000000d5580000)
  object space 267776K, 15% used [0x0000000080000000,0x0000000082946e98,0x0000000090580000)
 Metaspace       used 87746K, capacity 91750K, committed 93208K, reserved 1130496K
  class space    used 11773K, capacity 12524K, committed 12840K, reserved 1048576K
}

