# JRE version: OpenJDK Runtime Environment (8.0_242-b01) (build 1.8.0_242-release-1644-b01)
# Java VM: OpenJDK 64-Bit Server VM (25.242-b01 mixed mode windows-amd64 compressed oops)
Heap:
 PSYoungGen      total 257024K, used 102284K [0x00000000d5580000, 0x00000000e6880000, 0x0000000100000000)
  eden space 236544K, 35% used [0x00000000d5580000,0x00000000da81bb50,0x00000000e3c80000)
  from space 20480K, 86% used [0x00000000e5400000,0x00000000e6547508,0x00000000e6800000)
  to   space 22528K, 0% used [0x00000000e3c80000,0x00000000e3c80000,0x00000000e5280000)
 ParOldGen       total 119296K, used 45205K [0x0000000080000000, 0x0000000087480000, 0x00000000d5580000)
  object space 119296K, 37% used [0x0000000080000000,0x0000000082c25520,0x0000000087480000)
 Metaspace       used 83596K, capacity 87994K, committed 88152K, reserved 1126400K
  class space    used 11345K, capacity 12144K, committed 12160K, reserved 1048576K
GC Heap History (10 events):
Event: 12.591 GC heap before
{Heap before GC invocations=13 (full 2):
 PSYoungGen      total 165376K, used 164914K [0x00000000d5580000, 0x00000000e0980000, 0x0000000100000000)
  eden space 153088K, 100% used [0x00000000d5580000,0x00000000deb00000,0x00000000deb00000)
  from space 12288K, 96% used [0x00000000df880000,0x00000000e040ca88,0x00000000e0480000)
  to   space 13824K, 0% used [0x00000000deb00000,0x00000000deb00000,0x00000000df880000)
 ParOldGen       total 79360K, used 18644K [0x0000000080000000, 0x0000000084d80000, 0x00000000d5580000)
  object space 79360K, 23% used [0x0000000080000000,0x0000000081235018,0x0000000084d80000)
 Metaspace       used 51042K, capacity 53288K, committed 53592K, reserved 1095680K
  class space    used 6773K, capacity 7234K, committed 7296K, reserved 1048576K
Event: 12.627 GC heap after
Heap after GC invocations=13 (full 2):
 PSYoungGen      total 166912K, used 13812K [0x00000000d5580000, 0x00000000e3980000, 0x0000000100000000)
  eden space 153088K, 0% used [0x00000000d5580000,0x00000000d5580000,0x00000000deb00000)
  from space 13824K, 99% used [0x00000000deb00000,0x00000000df87d320,0x00000000df880000)
  to   space 17920K, 0% used [0x00000000e2800000,0x00000000e2800000,0x00000000e3980000)
 ParOldGen       total 79360K, used 25575K [0x0000000080000000, 0x0000000084d80000, 0x00000000d5580000)
  object space 79360K, 32% used [0x0000000080000000,0x00000000818f9c28,0x0000000084d80000)
 Metaspace       used 51042K, capacity 53288K, committed 53592K, reserved 1095680K
  class space    used 6773K, capacity 7234K, committed 7296K, reserved 1048576K
}
Event: 14.391 GC heap before
{Heap before GC invocations=14 (full 2):
 PSYoungGen      total 166912K, used 66625K [0x00000000d5580000, 0x00000000e3980000, 0x0000000100000000)
  eden space 153088K, 34% used [0x00000000d5580000,0x00000000d89133c8,0x00000000deb00000)
  from space 13824K, 99% used [0x00000000deb00000,0x00000000df87d320,0x00000000df880000)
  to   space 17920K, 0% used [0x00000000e2800000,0x00000000e2800000,0x00000000e3980000)
 ParOldGen       total 79360K, used 25575K [0x0000000080000000, 0x0000000084d80000, 0x00000000d5580000)
  object space 79360K, 32% used [0x0000000080000000,0x00000000818f9c28,0x0000000084d80000)
 Metaspace       used 56681K, capacity 58956K, committed 59028K, reserved 1099776K
  class space    used 7441K, capacity 7904K, committed 7936K, reserved 1048576K
Event: 14.413 GC heap after
Heap after GC invocations=14 (full 2):
 PSYoungGen      total 211456K, used 6741K [0x00000000d5580000, 0x00000000e3700000, 0x0000000100000000)
  eden space 196096K, 0% used [0x00000000d5580000,0x00000000d5580000,0x00000000e1500000)
  from space 15360K, 43% used [0x00000000e2800000,0x00000000e2e95600,0x00000000e3700000)
  to   space 17408K, 0% used [0x00000000e1500000,0x00000000e1500000,0x00000000e2600000)
 ParOldGen       total 79360K, used 39181K [0x0000000080000000, 0x0000000084d80000, 0x00000000d5580000)
  object space 79360K, 49% used [0x0000000080000000,0x00000000826434e0,0x0000000084d80000)
 Metaspace       used 56681K, capacity 58956K, committed 59028K, reserved 1099776K
  class space    used 7441K, capacity 7904K, committed 7936K, reserved 1048576K
}
Event: 14.413 GC heap before
{Heap before GC invocations=15 (full 3):
 PSYoungGen      total 211456K, used 6741K [0x00000000d5580000, 0x00000000e3700000, 0x0000000100000000)
  eden space 196096K, 0% used [0x00000000d5580000,0x00000000d5580000,0x00000000e1500000)
  from space 15360K, 43% used [0x00000000e2800000,0x00000000e2e95600,0x00000000e3700000)
  to   space 17408K, 0% used [0x00000000e1500000,0x00000000e1500000,0x00000000e2600000)
 ParOldGen       total 79360K, used 39181K [0x0000000080000000, 0x0000000084d80000, 0x00000000d5580000)
  object space 79360K, 49% used [0x0000000080000000,0x00000000826434e0,0x0000000084d80000)
 Metaspace       used 56681K, capacity 58956K, committed 59028K, reserved 1099776K
  class space    used 7441K, capacity 7904K, committed 7936K, reserved 1048576K
Event: 14.651 GC heap after
Heap after GC invocations=15 (full 3):
 PSYoungGen      total 211456K, used 0K [0x00000000d5580000, 0x00000000e3700000, 0x0000000100000000)
  eden space 196096K, 0% used [0x00000000d5580000,0x00000000d5580000,0x00000000e1500000)
  from space 15360K, 0% used [0x00000000e2800000,0x00000000e2800000,0x00000000e3700000)
  to   space 17408K, 0% used [0x00000000e1500000,0x00000000e1500000,0x00000000e2600000)
 ParOldGen       total 119296K, used 32259K [0x0000000080000000, 0x0000000087480000, 0x00000000d5580000)
  object space 119296K, 27% used [0x0000000080000000,0x0000000081f80c80,0x0000000087480000)
 Metaspace       used 56581K, capacity 58684K, committed 59028K, reserved 1099776K
  class space    used 7413K, capacity 7862K, committed 7936K, reserved 1048576K
}
Event: 18.719 GC heap before
{Heap before GC invocations=16 (full 3):
 PSYoungGen      total 211456K, used 196096K [0x00000000d5580000, 0x00000000e3700000, 0x0000000100000000)
  eden space 196096K, 100% used [0x00000000d5580000,0x00000000e1500000,0x00000000e1500000)
  from space 15360K, 0% used [0x00000000e2800000,0x00000000e2800000,0x00000000e3700000)
  to   space 17408K, 0% used [0x00000000e1500000,0x00000000e1500000,0x00000000e2600000)
 ParOldGen       total 119296K, used 32259K [0x0000000080000000, 0x0000000087480000, 0x00000000d5580000)
  object space 119296K, 27% used [0x0000000080000000,0x0000000081f80c80,0x0000000087480000)
 Metaspace       used 67782K, capacity 70664K, committed 70872K, reserved 1110016K
  class space    used 9110K, capacity 9700K, committed 9728K, reserved 1048576K
Event: 18.752 GC heap after
Heap after GC invocations=16 (full 3):
 PSYoungGen      total 213504K, used 17388K [0x00000000d5580000, 0x00000000e6800000, 0x0000000100000000)
  eden space 196096K, 0% used [0x00000000d5580000,0x00000000d5580000,0x00000000e1500000)
  from space 17408K, 99% used [0x00000000e1500000,0x00000000e25fb180,0x00000000e2600000)
  to   space 20480K, 0% used [0x00000000e5400000,0x00000000e5400000,0x00000000e6800000)
 ParOldGen       total 119296K, used 34154K [0x0000000080000000, 0x0000000087480000, 0x00000000d5580000)
  object space 119296K, 28% used [0x0000000080000000,0x000000008215a958,0x0000000087480000)
 Metaspace       used 67782K, capacity 70664K, committed 70872K, reserved 1110016K
  class space    used 9110K, capacity 9700K, committed 9728K, reserved 1048576K
}
Event: 22.915 GC heap before
{Heap before GC invocations=17 (full 3):
 PSYoungGen      total 213504K, used 213484K [0x00000000d5580000, 0x00000000e6800000, 0x0000000100000000)
  eden space 196096K, 100% used [0x00000000d5580000,0x00000000e1500000,0x00000000e1500000)
  from space 17408K, 99% used [0x00000000e1500000,0x00000000e25fb180,0x00000000e2600000)
  to   space 20480K, 0% used [0x00000000e5400000,0x00000000e5400000,0x00000000e6800000)
 ParOldGen       total 119296K, used 34154K [0x0000000080000000, 0x0000000087480000, 0x00000000d5580000)
  object space 119296K, 28% used [0x0000000080000000,0x000000008215a958,0x0000000087480000)
 Metaspace       used 79477K, capacity 83822K, committed 84056K, reserved 1122304K
  class space    used 10836K, capacity 11648K, committed 11648K, reserved 1048576K
Event: 22.943 GC heap after
Heap after GC invocations=17 (full 3):
 PSYoungGen      total 257024K, used 17693K [0x00000000d5580000, 0x00000000e6880000, 0x0000000100000000)
  eden space 236544K, 0% used [0x00000000d5580000,0x00000000d5580000,0x00000000e3c80000)
  from space 20480K, 86% used [0x00000000e5400000,0x00000000e6547508,0x00000000e6800000)
  to   space 22528K, 0% used [0x00000000e3c80000,0x00000000e3c80000,0x00000000e5280000)
 ParOldGen       total 119296K, used 45205K [0x0000000080000000, 0x0000000087480000, 0x00000000d5580000)
  object space 119296K, 37% used [0x0000000080000000,0x0000000082c25520,0x0000000087480000)
 Metaspace       used 79477K, capacity 83822K, committed 84056K, reserved 1122304K
  class space    used 10836K, capacity 11648K, committed 11648K, reserved 1048576K
}

