# JRE version: OpenJDK Runtime Environment (8.0_242-b01) (build 1.8.0_242-release-1644-b01)
# Java VM: OpenJDK 64-Bit Server VM (25.242-b01 mixed mode windows-amd64 compressed oops)
Heap:
 PSYoungGen      total 211456K, used 59659K [0x00000000d5580000, 0x00000000e4080000, 0x0000000100000000)
  eden space 192512K, 30% used [0x00000000d5580000,0x00000000d8fc2f80,0x00000000e1180000)
  from space 18944K, 0% used [0x00000000e2400000,0x00000000e2400000,0x00000000e3680000)
  to   space 18944K, 0% used [0x00000000e1180000,0x00000000e1180000,0x00000000e2400000)
 ParOldGen       total 78848K, used 30823K [0x0000000080000000, 0x0000000084d00000, 0x00000000d5580000)
  object space 78848K, 39% used [0x0000000080000000,0x0000000081e19e88,0x0000000084d00000)
 Metaspace       used 59962K, capacity 62418K, committed 62808K, reserved 1103872K
  class space    used 7990K, capacity 8511K, committed 8576K, reserved 1048576K
GC Heap History (10 events):
Event: 5.616 GC heap before
{Heap before GC invocations=11 (full 2):
 PSYoungGen      total 131072K, used 10239K [0x00000000d5580000, 0x00000000e0d80000, 0x0000000100000000)
  eden space 120832K, 0% used [0x00000000d5580000,0x00000000d5580000,0x00000000dcb80000)
  from space 10240K, 99% used [0x00000000dcb80000,0x00000000dd57ff50,0x00000000dd580000)
  to   space 12288K, 0% used [0x00000000e0180000,0x00000000e0180000,0x00000000e0d80000)
 ParOldGen       total 48128K, used 9328K [0x0000000080000000, 0x0000000082f00000, 0x00000000d5580000)
  object space 48128K, 19% used [0x0000000080000000,0x000000008091c028,0x0000000082f00000)
 Metaspace       used 34020K, capacity 35294K, committed 35416K, reserved 1079296K
  class space    used 4592K, capacity 4916K, committed 4992K, reserved 1048576K
Event: 5.693 GC heap after
Heap after GC invocations=11 (full 2):
 PSYoungGen      total 131072K, used 0K [0x00000000d5580000, 0x00000000e0d80000, 0x0000000100000000)
  eden space 120832K, 0% used [0x00000000d5580000,0x00000000d5580000,0x00000000dcb80000)
  from space 10240K, 0% used [0x00000000dcb80000,0x00000000dcb80000,0x00000000dd580000)
  to   space 12288K, 0% used [0x00000000e0180000,0x00000000e0180000,0x00000000e0d80000)
 ParOldGen       total 78848K, used 18690K [0x0000000080000000, 0x0000000084d00000, 0x00000000d5580000)
  object space 78848K, 23% used [0x0000000080000000,0x0000000081240a60,0x0000000084d00000)
 Metaspace       used 34020K, capacity 35294K, committed 35416K, reserved 1079296K
  class space    used 4592K, capacity 4916K, committed 4992K, reserved 1048576K
}
Event: 7.129 GC heap before
{Heap before GC invocations=12 (full 2):
 PSYoungGen      total 131072K, used 120832K [0x00000000d5580000, 0x00000000e0d80000, 0x0000000100000000)
  eden space 120832K, 100% used [0x00000000d5580000,0x00000000dcb80000,0x00000000dcb80000)
  from space 10240K, 0% used [0x00000000dcb80000,0x00000000dcb80000,0x00000000dd580000)
  to   space 12288K, 0% used [0x00000000e0180000,0x00000000e0180000,0x00000000e0d80000)
 ParOldGen       total 78848K, used 18690K [0x0000000080000000, 0x0000000084d00000, 0x00000000d5580000)
  object space 78848K, 23% used [0x0000000080000000,0x0000000081240a60,0x0000000084d00000)
 Metaspace       used 38674K, capacity 40612K, committed 40792K, reserved 1085440K
  class space    used 5322K, capacity 5727K, committed 5760K, reserved 1048576K
Event: 7.142 GC heap after
Heap after GC invocations=12 (full 2):
 PSYoungGen      total 163840K, used 9397K [0x00000000d5580000, 0x00000000e0b00000, 0x0000000100000000)
  eden space 154112K, 0% used [0x00000000d5580000,0x00000000d5580000,0x00000000dec00000)
  from space 9728K, 96% used [0x00000000e0180000,0x00000000e0aad510,0x00000000e0b00000)
  to   space 12800K, 0% used [0x00000000df200000,0x00000000df200000,0x00000000dfe80000)
 ParOldGen       total 78848K, used 18698K [0x0000000080000000, 0x0000000084d00000, 0x00000000d5580000)
  object space 78848K, 23% used [0x0000000080000000,0x0000000081242a60,0x0000000084d00000)
 Metaspace       used 38674K, capacity 40612K, committed 40792K, reserved 1085440K
  class space    used 5322K, capacity 5727K, committed 5760K, reserved 1048576K
}
Event: 10.411 GC heap before
{Heap before GC invocations=13 (full 2):
 PSYoungGen      total 163840K, used 163509K [0x00000000d5580000, 0x00000000e0b00000, 0x0000000100000000)
  eden space 154112K, 100% used [0x00000000d5580000,0x00000000dec00000,0x00000000dec00000)
  from space 9728K, 96% used [0x00000000e0180000,0x00000000e0aad510,0x00000000e0b00000)
  to   space 12800K, 0% used [0x00000000df200000,0x00000000df200000,0x00000000dfe80000)
 ParOldGen       total 78848K, used 18698K [0x0000000080000000, 0x0000000084d00000, 0x00000000d5580000)
  object space 78848K, 23% used [0x0000000080000000,0x0000000081242a60,0x0000000084d00000)
 Metaspace       used 52700K, capacity 54970K, committed 55128K, reserved 1097728K
  class space    used 7000K, capacity 7435K, committed 7552K, reserved 1048576K
Event: 10.440 GC heap after
Heap after GC invocations=13 (full 2):
 PSYoungGen      total 173056K, used 12769K [0x00000000d5580000, 0x00000000e3680000, 0x0000000100000000)
  eden space 160256K, 0% used [0x00000000d5580000,0x00000000d5580000,0x00000000df200000)
  from space 12800K, 99% used [0x00000000df200000,0x00000000dfe787c0,0x00000000dfe80000)
  to   space 18944K, 0% used [0x00000000e2400000,0x00000000e2400000,0x00000000e3680000)
 ParOldGen       total 78848K, used 31289K [0x0000000080000000, 0x0000000084d00000, 0x00000000d5580000)
  object space 78848K, 39% used [0x0000000080000000,0x0000000081e8e7d0,0x0000000084d00000)
 Metaspace       used 52700K, capacity 54970K, committed 55128K, reserved 1097728K
  class space    used 7000K, capacity 7435K, committed 7552K, reserved 1048576K
}
Event: 11.199 GC heap before
{Heap before GC invocations=14 (full 2):
 PSYoungGen      total 173056K, used 44107K [0x00000000d5580000, 0x00000000e3680000, 0x0000000100000000)
  eden space 160256K, 19% used [0x00000000d5580000,0x00000000d741a600,0x00000000df200000)
  from space 12800K, 99% used [0x00000000df200000,0x00000000dfe787c0,0x00000000dfe80000)
  to   space 18944K, 0% used [0x00000000e2400000,0x00000000e2400000,0x00000000e3680000)
 ParOldGen       total 78848K, used 31289K [0x0000000080000000, 0x0000000084d00000, 0x00000000d5580000)
  object space 78848K, 39% used [0x0000000080000000,0x0000000081e8e7d0,0x0000000084d00000)
 Metaspace       used 56668K, capacity 58960K, committed 59028K, reserved 1099776K
  class space    used 7452K, capacity 7901K, committed 7936K, reserved 1048576K
Event: 11.219 GC heap after
Heap after GC invocations=14 (full 2):
 PSYoungGen      total 211456K, used 11477K [0x00000000d5580000, 0x00000000e4080000, 0x0000000100000000)
  eden space 192512K, 0% used [0x00000000d5580000,0x00000000d5580000,0x00000000e1180000)
  from space 18944K, 60% used [0x00000000e2400000,0x00000000e2f35568,0x00000000e3680000)
  to   space 18944K, 0% used [0x00000000e1180000,0x00000000e1180000,0x00000000e2400000)
 ParOldGen       total 78848K, used 35907K [0x0000000080000000, 0x0000000084d00000, 0x00000000d5580000)
  object space 78848K, 45% used [0x0000000080000000,0x0000000082310f20,0x0000000084d00000)
 Metaspace       used 56668K, capacity 58960K, committed 59028K, reserved 1099776K
  class space    used 7452K, capacity 7901K, committed 7936K, reserved 1048576K
}
Event: 11.219 GC heap before
{Heap before GC invocations=15 (full 3):
 PSYoungGen      total 211456K, used 11477K [0x00000000d5580000, 0x00000000e4080000, 0x0000000100000000)
  eden space 192512K, 0% used [0x00000000d5580000,0x00000000d5580000,0x00000000e1180000)
  from space 18944K, 60% used [0x00000000e2400000,0x00000000e2f35568,0x00000000e3680000)
  to   space 18944K, 0% used [0x00000000e1180000,0x00000000e1180000,0x00000000e2400000)
 ParOldGen       total 78848K, used 35907K [0x0000000080000000, 0x0000000084d00000, 0x00000000d5580000)
  object space 78848K, 45% used [0x0000000080000000,0x0000000082310f20,0x0000000084d00000)
 Metaspace       used 56668K, capacity 58960K, committed 59028K, reserved 1099776K
  class space    used 7452K, capacity 7901K, committed 7936K, reserved 1048576K
Event: 11.439 GC heap after
Heap after GC invocations=15 (full 3):
 PSYoungGen      total 211456K, used 0K [0x00000000d5580000, 0x00000000e4080000, 0x0000000100000000)
  eden space 192512K, 0% used [0x00000000d5580000,0x00000000d5580000,0x00000000e1180000)
  from space 18944K, 0% used [0x00000000e2400000,0x00000000e2400000,0x00000000e3680000)
  to   space 18944K, 0% used [0x00000000e1180000,0x00000000e1180000,0x00000000e2400000)
 ParOldGen       total 78848K, used 30823K [0x0000000080000000, 0x0000000084d00000, 0x00000000d5580000)
  object space 78848K, 39% used [0x0000000080000000,0x0000000081e19e88,0x0000000084d00000)
 Metaspace       used 56611K, capacity 58780K, committed 59028K, reserved 1099776K
  class space    used 7434K, capacity 7869K, committed 7936K, reserved 1048576K
}

