# JRE version: OpenJDK Runtime Environment (8.0_242-b01) (build 1.8.0_242-release-1644-b01)
# Java VM: OpenJDK 64-Bit Server VM (25.242-b01 mixed mode windows-amd64 compressed oops)
Heap:
 PSYoungGen      total 132096K, used 68762K [0x00000000d7200000, 0x00000000e1380000, 0x0000000100000000)
  eden space 126976K, 54% used [0x00000000d7200000,0x00000000db5268c0,0x00000000dee00000)
  from space 5120K, 0% used [0x00000000dee00000,0x00000000dee00000,0x00000000df300000)
  to   space 16384K, 0% used [0x00000000e0380000,0x00000000e0380000,0x00000000e1380000)
 ParOldGen       total 111104K, used 19796K [0x0000000085600000, 0x000000008c280000, 0x00000000d7200000)
  object space 111104K, 17% used [0x0000000085600000,0x0000000086955308,0x000000008c280000)
 Metaspace       used 39180K, capacity 39720K, committed 39936K, reserved 1083392K
  class space    used 4911K, capacity 5058K, committed 5120K, reserved 1048576K
GC Heap History (10 events):
Event: 1.360 GC heap before
{Heap before GC invocations=3 (full 0):
 PSYoungGen      total 68608K, used 27093K [0x00000000d7200000, 0x00000000dba00000, 0x0000000100000000)
  eden space 63488K, 34% used [0x00000000d7200000,0x00000000d877c788,0x00000000db000000)
  from space 5120K, 99% used [0x00000000db500000,0x00000000db9f8ff8,0x00000000dba00000)
  to   space 5120K, 0% used [0x00000000db000000,0x00000000db000000,0x00000000db500000)
 ParOldGen       total 84992K, used 6986K [0x0000000085600000, 0x000000008a900000, 0x00000000d7200000)
  object space 84992K, 8% used [0x0000000085600000,0x0000000085cd2bf0,0x000000008a900000)
 Metaspace       used 20755K, capacity 21170K, committed 21296K, reserved 1069056K
  class space    used 2481K, capacity 2628K, committed 2688K, reserved 1048576K
Event: 1.369 GC heap after
Heap after GC invocations=3 (full 0):
 PSYoungGen      total 68608K, used 5104K [0x00000000d7200000, 0x00000000df800000, 0x0000000100000000)
  eden space 63488K, 0% used [0x00000000d7200000,0x00000000d7200000,0x00000000db000000)
  from space 5120K, 99% used [0x00000000db000000,0x00000000db4fc030,0x00000000db500000)
  to   space 5120K, 0% used [0x00000000df300000,0x00000000df300000,0x00000000df800000)
 ParOldGen       total 84992K, used 11565K [0x0000000085600000, 0x000000008a900000, 0x00000000d7200000)
  object space 84992K, 13% used [0x0000000085600000,0x000000008614b798,0x000000008a900000)
 Metaspace       used 20755K, capacity 21170K, committed 21296K, reserved 1069056K
  class space    used 2481K, capacity 2628K, committed 2688K, reserved 1048576K
}
Event: 1.369 GC heap before
{Heap before GC invocations=4 (full 1):
 PSYoungGen      total 68608K, used 5104K [0x00000000d7200000, 0x00000000df800000, 0x0000000100000000)
  eden space 63488K, 0% used [0x00000000d7200000,0x00000000d7200000,0x00000000db000000)
  from space 5120K, 99% used [0x00000000db000000,0x00000000db4fc030,0x00000000db500000)
  to   space 5120K, 0% used [0x00000000df300000,0x00000000df300000,0x00000000df800000)
 ParOldGen       total 84992K, used 11565K [0x0000000085600000, 0x000000008a900000, 0x00000000d7200000)
  object space 84992K, 13% used [0x0000000085600000,0x000000008614b798,0x000000008a900000)
 Metaspace       used 20755K, capacity 21170K, committed 21296K, reserved 1069056K
  class space    used 2481K, capacity 2628K, committed 2688K, reserved 1048576K
Event: 1.400 GC heap after
Heap after GC invocations=4 (full 1):
 PSYoungGen      total 68608K, used 0K [0x00000000d7200000, 0x00000000df800000, 0x0000000100000000)
  eden space 63488K, 0% used [0x00000000d7200000,0x00000000d7200000,0x00000000db000000)
  from space 5120K, 0% used [0x00000000db000000,0x00000000db000000,0x00000000db500000)
  to   space 5120K, 0% used [0x00000000df300000,0x00000000df300000,0x00000000df800000)
 ParOldGen       total 64512K, used 9491K [0x0000000085600000, 0x0000000089500000, 0x00000000d7200000)
  object space 64512K, 14% used [0x0000000085600000,0x0000000085f44d28,0x0000000089500000)
 Metaspace       used 20755K, capacity 21170K, committed 21296K, reserved 1069056K
  class space    used 2481K, capacity 2628K, committed 2688K, reserved 1048576K
}
Event: 2.271 GC heap before
{Heap before GC invocations=5 (full 1):
 PSYoungGen      total 68608K, used 63488K [0x00000000d7200000, 0x00000000df800000, 0x0000000100000000)
  eden space 63488K, 100% used [0x00000000d7200000,0x00000000db000000,0x00000000db000000)
  from space 5120K, 0% used [0x00000000db000000,0x00000000db000000,0x00000000db500000)
  to   space 5120K, 0% used [0x00000000df300000,0x00000000df300000,0x00000000df800000)
 ParOldGen       total 64512K, used 9491K [0x0000000085600000, 0x0000000089500000, 0x00000000d7200000)
  object space 64512K, 14% used [0x0000000085600000,0x0000000085f44d28,0x0000000089500000)
 Metaspace       used 28780K, capacity 29260K, committed 29568K, reserved 1075200K
  class space    used 3503K, capacity 3627K, committed 3712K, reserved 1048576K
Event: 2.283 GC heap after
Heap after GC invocations=5 (full 1):
 PSYoungGen      total 96256K, used 5117K [0x00000000d7200000, 0x00000000df800000, 0x0000000100000000)
  eden space 91136K, 0% used [0x00000000d7200000,0x00000000d7200000,0x00000000dcb00000)
  from space 5120K, 99% used [0x00000000df300000,0x00000000df7ff780,0x00000000df800000)
  to   space 5120K, 0% used [0x00000000dee00000,0x00000000dee00000,0x00000000df300000)
 ParOldGen       total 64512K, used 19753K [0x0000000085600000, 0x0000000089500000, 0x00000000d7200000)
  object space 64512K, 30% used [0x0000000085600000,0x000000008694a540,0x0000000089500000)
 Metaspace       used 28780K, capacity 29260K, committed 29568K, reserved 1075200K
  class space    used 3503K, capacity 3627K, committed 3712K, reserved 1048576K
}
Event: 2.798 GC heap before
{Heap before GC invocations=6 (full 1):
 PSYoungGen      total 96256K, used 36098K [0x00000000d7200000, 0x00000000df800000, 0x0000000100000000)
  eden space 91136K, 33% used [0x00000000d7200000,0x00000000d9041360,0x00000000dcb00000)
  from space 5120K, 99% used [0x00000000df300000,0x00000000df7ff780,0x00000000df800000)
  to   space 5120K, 0% used [0x00000000dee00000,0x00000000dee00000,0x00000000df300000)
 ParOldGen       total 64512K, used 19753K [0x0000000085600000, 0x0000000089500000, 0x00000000d7200000)
  object space 64512K, 30% used [0x0000000085600000,0x000000008694a540,0x0000000089500000)
 Metaspace       used 34742K, capacity 35260K, committed 35456K, reserved 1079296K
  class space    used 4495K, capacity 4651K, committed 4736K, reserved 1048576K
Event: 2.810 GC heap after
Heap after GC invocations=6 (full 1):
 PSYoungGen      total 132096K, used 5098K [0x00000000d7200000, 0x00000000e1380000, 0x0000000100000000)
  eden space 126976K, 0% used [0x00000000d7200000,0x00000000d7200000,0x00000000dee00000)
  from space 5120K, 99% used [0x00000000dee00000,0x00000000df2fab20,0x00000000df300000)
  to   space 16384K, 0% used [0x00000000e0380000,0x00000000e0380000,0x00000000e1380000)
 ParOldGen       total 64512K, used 27249K [0x0000000085600000, 0x0000000089500000, 0x00000000d7200000)
  object space 64512K, 42% used [0x0000000085600000,0x000000008709c508,0x0000000089500000)
 Metaspace       used 34742K, capacity 35260K, committed 35456K, reserved 1079296K
  class space    used 4495K, capacity 4651K, committed 4736K, reserved 1048576K
}
Event: 2.810 GC heap before
{Heap before GC invocations=7 (full 2):
 PSYoungGen      total 132096K, used 5098K [0x00000000d7200000, 0x00000000e1380000, 0x0000000100000000)
  eden space 126976K, 0% used [0x00000000d7200000,0x00000000d7200000,0x00000000dee00000)
  from space 5120K, 99% used [0x00000000dee00000,0x00000000df2fab20,0x00000000df300000)
  to   space 16384K, 0% used [0x00000000e0380000,0x00000000e0380000,0x00000000e1380000)
 ParOldGen       total 64512K, used 27249K [0x0000000085600000, 0x0000000089500000, 0x00000000d7200000)
  object space 64512K, 42% used [0x0000000085600000,0x000000008709c508,0x0000000089500000)
 Metaspace       used 34742K, capacity 35260K, committed 35456K, reserved 1079296K
  class space    used 4495K, capacity 4651K, committed 4736K, reserved 1048576K
Event: 2.869 GC heap after
Heap after GC invocations=7 (full 2):
 PSYoungGen      total 132096K, used 0K [0x00000000d7200000, 0x00000000e1380000, 0x0000000100000000)
  eden space 126976K, 0% used [0x00000000d7200000,0x00000000d7200000,0x00000000dee00000)
  from space 5120K, 0% used [0x00000000dee00000,0x00000000dee00000,0x00000000df300000)
  to   space 16384K, 0% used [0x00000000e0380000,0x00000000e0380000,0x00000000e1380000)
 ParOldGen       total 111104K, used 19796K [0x0000000085600000, 0x000000008c280000, 0x00000000d7200000)
  object space 111104K, 17% used [0x0000000085600000,0x0000000086955308,0x000000008c280000)
 Metaspace       used 34742K, capacity 35260K, committed 35456K, reserved 1079296K
  class space    used 4495K, capacity 4651K, committed 4736K, reserved 1048576K
}

