# JRE version: OpenJDK Runtime Environment (8.0_242-b01) (build 1.8.0_242-release-1644-b01)
# Java VM: OpenJDK 64-Bit Server VM (25.242-b01 mixed mode windows-amd64 compressed oops)
Heap:
 PSYoungGen      total 155648K, used 57561K [0x00000000d5580000, 0x00000000e1500000, 0x0000000100000000)
  eden space 133632K, 26% used [0x00000000d5580000,0x00000000d783dc18,0x00000000dd800000)
  from space 22016K, 99% used [0x00000000dd800000,0x00000000ded78988,0x00000000ded80000)
  to   space 26112K, 0% used [0x00000000dfb80000,0x00000000dfb80000,0x00000000e1500000)
 ParOldGen       total 182784K, used 33237K [0x0000000080000000, 0x000000008b280000, 0x00000000d5580000)
  object space 182784K, 18% used [0x0000000080000000,0x00000000820755c0,0x000000008b280000)
 Metaspace       used 75687K, capacity 79186K, committed 79512K, reserved 1118208K
  class space    used 10179K, capacity 10846K, committed 10920K, reserved 1048576K
GC Heap History (10 events):
Event: 13.612 GC heap before
{Heap before GC invocations=16 (full 2):
 PSYoungGen      total 120832K, used 35583K [0x00000000d5580000, 0x00000000def80000, 0x0000000100000000)
  eden space 105984K, 19% used [0x00000000d5580000,0x00000000d69c0af8,0x00000000dbd00000)
  from space 14848K, 99% used [0x00000000dbd00000,0x00000000dcb7f300,0x00000000dcb80000)
  to   space 19456K, 0% used [0x00000000ddc80000,0x00000000ddc80000,0x00000000def80000)
 ParOldGen       total 120320K, used 25616K [0x0000000080000000, 0x0000000087580000, 0x00000000d5580000)
  object space 120320K, 21% used [0x0000000080000000,0x0000000081904150,0x0000000087580000)
 Metaspace       used 56764K, capacity 59058K, committed 59160K, reserved 1099776K
  class space    used 7687K, capacity 8170K, committed 8232K, reserved 1048576K
Event: 13.628 GC heap after
Heap after GC invocations=16 (full 2):
 PSYoungGen      total 136192K, used 17861K [0x00000000d5580000, 0x00000000df780000, 0x0000000100000000)
  eden space 116736K, 0% used [0x00000000d5580000,0x00000000d5580000,0x00000000dc780000)
  from space 19456K, 91% used [0x00000000ddc80000,0x00000000dedf14c8,0x00000000def80000)
  to   space 21504K, 0% used [0x00000000dc780000,0x00000000dc780000,0x00000000ddc80000)
 ParOldGen       total 120320K, used 25624K [0x0000000080000000, 0x0000000087580000, 0x00000000d5580000)
  object space 120320K, 21% used [0x0000000080000000,0x0000000081906150,0x0000000087580000)
 Metaspace       used 56764K, capacity 59058K, committed 59160K, reserved 1099776K
  class space    used 7687K, capacity 8170K, committed 8232K, reserved 1048576K
}
Event: 13.628 GC heap before
{Heap before GC invocations=17 (full 3):
 PSYoungGen      total 136192K, used 17861K [0x00000000d5580000, 0x00000000df780000, 0x0000000100000000)
  eden space 116736K, 0% used [0x00000000d5580000,0x00000000d5580000,0x00000000dc780000)
  from space 19456K, 91% used [0x00000000ddc80000,0x00000000dedf14c8,0x00000000def80000)
  to   space 21504K, 0% used [0x00000000dc780000,0x00000000dc780000,0x00000000ddc80000)
 ParOldGen       total 120320K, used 25624K [0x0000000080000000, 0x0000000087580000, 0x00000000d5580000)
  object space 120320K, 21% used [0x0000000080000000,0x0000000081906150,0x0000000087580000)
 Metaspace       used 56764K, capacity 59058K, committed 59160K, reserved 1099776K
  class space    used 7687K, capacity 8170K, committed 8232K, reserved 1048576K
Event: 13.811 GC heap after
Heap after GC invocations=17 (full 3):
 PSYoungGen      total 136192K, used 0K [0x00000000d5580000, 0x00000000df780000, 0x0000000100000000)
  eden space 116736K, 0% used [0x00000000d5580000,0x00000000d5580000,0x00000000dc780000)
  from space 19456K, 0% used [0x00000000ddc80000,0x00000000ddc80000,0x00000000def80000)
  to   space 21504K, 0% used [0x00000000dc780000,0x00000000dc780000,0x00000000ddc80000)
 ParOldGen       total 182784K, used 31070K [0x0000000080000000, 0x000000008b280000, 0x00000000d5580000)
  object space 182784K, 16% used [0x0000000080000000,0x0000000081e578b0,0x000000008b280000)
 Metaspace       used 56717K, capacity 58896K, committed 59160K, reserved 1099776K
  class space    used 7672K, capacity 8143K, committed 8232K, reserved 1048576K
}
Event: 16.446 GC heap before
{Heap before GC invocations=18 (full 3):
 PSYoungGen      total 136192K, used 116736K [0x00000000d5580000, 0x00000000df780000, 0x0000000100000000)
  eden space 116736K, 100% used [0x00000000d5580000,0x00000000dc780000,0x00000000dc780000)
  from space 19456K, 0% used [0x00000000ddc80000,0x00000000ddc80000,0x00000000def80000)
  to   space 21504K, 0% used [0x00000000dc780000,0x00000000dc780000,0x00000000ddc80000)
 ParOldGen       total 182784K, used 31070K [0x0000000080000000, 0x000000008b280000, 0x00000000d5580000)
  object space 182784K, 16% used [0x0000000080000000,0x0000000081e578b0,0x000000008b280000)
 Metaspace       used 64573K, capacity 67224K, committed 67352K, reserved 1107968K
  class space    used 8909K, capacity 9419K, committed 9512K, reserved 1048576K
Event: 16.462 GC heap after
Heap after GC invocations=18 (full 3):
 PSYoungGen      total 138240K, used 12369K [0x00000000d5580000, 0x00000000e0280000, 0x0000000100000000)
  eden space 116736K, 0% used [0x00000000d5580000,0x00000000d5580000,0x00000000dc780000)
  from space 21504K, 57% used [0x00000000dc780000,0x00000000dd394418,0x00000000ddc80000)
  to   space 21504K, 0% used [0x00000000ded80000,0x00000000ded80000,0x00000000e0280000)
 ParOldGen       total 182784K, used 31078K [0x0000000080000000, 0x000000008b280000, 0x00000000d5580000)
  object space 182784K, 17% used [0x0000000080000000,0x0000000081e598b0,0x000000008b280000)
 Metaspace       used 64573K, capacity 67224K, committed 67352K, reserved 1107968K
  class space    used 8909K, capacity 9419K, committed 9512K, reserved 1048576K
}
Event: 18.078 GC heap before
{Heap before GC invocations=19 (full 3):
 PSYoungGen      total 138240K, used 129105K [0x00000000d5580000, 0x00000000e0280000, 0x0000000100000000)
  eden space 116736K, 100% used [0x00000000d5580000,0x00000000dc780000,0x00000000dc780000)
  from space 21504K, 57% used [0x00000000dc780000,0x00000000dd394418,0x00000000ddc80000)
  to   space 21504K, 0% used [0x00000000ded80000,0x00000000ded80000,0x00000000e0280000)
 ParOldGen       total 182784K, used 31078K [0x0000000080000000, 0x000000008b280000, 0x00000000d5580000)
  object space 182784K, 17% used [0x0000000080000000,0x0000000081e598b0,0x000000008b280000)
 Metaspace       used 67393K, capacity 70538K, committed 70808K, reserved 1110016K
  class space    used 9275K, capacity 9834K, committed 9896K, reserved 1048576K
Event: 18.097 GC heap after
Heap after GC invocations=19 (full 3):
 PSYoungGen      total 155136K, used 15012K [0x00000000d5580000, 0x00000000e0300000, 0x0000000100000000)
  eden space 133632K, 0% used [0x00000000d5580000,0x00000000d5580000,0x00000000dd800000)
  from space 21504K, 69% used [0x00000000ded80000,0x00000000dfc29398,0x00000000e0280000)
  to   space 22016K, 0% used [0x00000000dd800000,0x00000000dd800000,0x00000000ded80000)
 ParOldGen       total 182784K, used 31086K [0x0000000080000000, 0x000000008b280000, 0x00000000d5580000)
  object space 182784K, 17% used [0x0000000080000000,0x0000000081e5b8b0,0x000000008b280000)
 Metaspace       used 67393K, capacity 70538K, committed 70808K, reserved 1110016K
  class space    used 9275K, capacity 9834K, committed 9896K, reserved 1048576K
}
Event: 45.742 GC heap before
{Heap before GC invocations=20 (full 3):
 PSYoungGen      total 155136K, used 148644K [0x00000000d5580000, 0x00000000e0300000, 0x0000000100000000)
  eden space 133632K, 100% used [0x00000000d5580000,0x00000000dd800000,0x00000000dd800000)
  from space 21504K, 69% used [0x00000000ded80000,0x00000000dfc29398,0x00000000e0280000)
  to   space 22016K, 0% used [0x00000000dd800000,0x00000000dd800000,0x00000000ded80000)
 ParOldGen       total 182784K, used 31086K [0x0000000080000000, 0x000000008b280000, 0x00000000d5580000)
  object space 182784K, 17% used [0x0000000080000000,0x0000000081e5b8b0,0x000000008b280000)
 Metaspace       used 75569K, capacity 79072K, committed 79256K, reserved 1118208K
  class space    used 10174K, capacity 10839K, committed 10920K, reserved 1048576K
Event: 45.758 GC heap after
Heap after GC invocations=20 (full 3):
 PSYoungGen      total 155648K, used 21986K [0x00000000d5580000, 0x00000000e1500000, 0x0000000100000000)
  eden space 133632K, 0% used [0x00000000d5580000,0x00000000d5580000,0x00000000dd800000)
  from space 22016K, 99% used [0x00000000dd800000,0x00000000ded78988,0x00000000ded80000)
  to   space 26112K, 0% used [0x00000000dfb80000,0x00000000dfb80000,0x00000000e1500000)
 ParOldGen       total 182784K, used 33237K [0x0000000080000000, 0x000000008b280000, 0x00000000d5580000)
  object space 182784K, 18% used [0x0000000080000000,0x00000000820755c0,0x000000008b280000)
 Metaspace       used 75569K, capacity 79072K, committed 79256K, reserved 1118208K
  class space    used 10174K, capacity 10839K, committed 10920K, reserved 1048576K
}

